<?xml version="1.0" encoding="UTF-8"?>
<!-- Generated by org.testng.reporters.JUnitXMLReporter -->
<testsuite ignored="1" hostname="DESKTOP-UD3B5D0" failures="0" tests="1" name="Default test" time="1.021" errors="0" timestamp="2026-04-17T13:02:37 IST">
  <testcase classname="org.tvam.campaignsmodule.DemoDataProvider" name="readMultipleDataFromExcel" time="0.946"/>
  <testcase classname="org.tvam.campaignsmodule.DemoDataProvider" name="test" time="0.0">
    <ignored/>
  </testcase> <!-- test -->
</testsuite> <!-- Default test -->
