<?xml version="1.0" encoding="UTF-8"?>
<testng-results ignored="0" total="1" passed="1" failed="0" skipped="0">
  <reporter-output>
  </reporter-output>
  <suite started-at="2026-04-17T13:02:36 IST" name="Default suite" finished-at="2026-04-17T13:02:37 IST" duration-ms="1021">
    <groups>
    </groups>
    <test started-at="2026-04-17T13:02:36 IST" name="Default test" finished-at="2026-04-17T13:02:37 IST" duration-ms="1021">
      <class name="org.tvam.campaignsmodule.DemoDataProvider">
        <test-method signature="readMultipleDataFromExcel()[pri:0, instance:org.tvam.campaignsmodule.DemoDataProvider@65fb9ffc]" started-at="2026-04-17T13:02:36 IST" name="readMultipleDataFromExcel" finished-at="2026-04-17T13:02:37 IST" duration-ms="946" status="PASS">
          <reporter-output>
          </reporter-output>
        </test-method> <!-- readMultipleDataFromExcel -->
      </class> <!-- org.tvam.campaignsmodule.DemoDataProvider -->
    </test> <!-- Default test -->
  </suite> <!-- Default suite -->
</testng-results>
